{"D:\\GAV\\PROYECTOS\\desafio\\src\\handlers\\campaniasHandler.js": {"path":"D:\\GAV\\PROYECTOS\\desafio\\src\\handlers\\campaniasHandler.js","statementMap":{"0":{"start":{"line":1,"column":20},"end":{"line":1,"column":42}},"1":{"start":{"line":2,"column":14},"end":{"line":2,"column":39}},"2":{"start":{"line":5,"column":4},"end":{"line":41,"column":5}},"3":{"start":{"line":7,"column":21},"end":{"line":7,"column":53}},"4":{"start":{"line":9,"column":61},"end":{"line":9,"column":65}},"5":{"start":{"line":11,"column":23},"end":{"line":14,"column":9}},"6":{"start":{"line":16,"column":8},"end":{"line":26,"column":10}},"7":{"start":{"line":28,"column":8},"end":{"line":28,"column":26}},"8":{"start":{"line":29,"column":8},"end":{"line":38,"column":10}},"9":{"start":{"line":40,"column":8},"end":{"line":40,"column":26}},"10":{"start":{"line":44,"column":0},"end":{"line":44,"column":39}}},"fnMap":{"0":{"name":"programarCampania","decl":{"start":{"line":4,"column":15},"end":{"line":4,"column":32}},"loc":{"start":{"line":4,"column":40},"end":{"line":42,"column":1}},"line":4}},"branchMap":{},"s":{"0":1,"1":1,"2":1,"3":1,"4":1,"5":1,"6":1,"7":0,"8":0,"9":1,"10":1},"f":{"0":1},"b":{},"_coverageSchema":"43e27e138ebf9cfc5966b082cf9a028302ed4184","hash":"7ec01cc3814cb7d038f0d69d98779aaf6f02eb07"}
,"D:\\GAV\\PROYECTOS\\desafio\\src\\handlers\\mensajesHandler.js": {"path":"D:\\GAV\\PROYECTOS\\desafio\\src\\handlers\\mensajesHandler.js","statementMap":{"0":{"start":{"line":1,"column":20},"end":{"line":1,"column":42}},"1":{"start":{"line":2,"column":14},"end":{"line":2,"column":39}},"2":{"start":{"line":5,"column":2},"end":{"line":61,"column":3}},"3":{"start":{"line":6,"column":17},"end":{"line":6,"column":46}},"4":{"start":{"line":7,"column":31},"end":{"line":7,"column":35}},"5":{"start":{"line":9,"column":4},"end":{"line":20,"column":5}},"6":{"start":{"line":10,"column":6},"end":{"line":19,"column":8}},"7":{"start":{"line":22,"column":20},"end":{"line":33,"column":5}},"8":{"start":{"line":35,"column":4},"end":{"line":45,"column":6}},"9":{"start":{"line":47,"column":4},"end":{"line":47,"column":23}},"10":{"start":{"line":48,"column":4},"end":{"line":57,"column":6}},"11":{"start":{"line":60,"column":4},"end":{"line":60,"column":22}},"12":{"start":{"line":64,"column":0},"end":{"line":64,"column":42}}},"fnMap":{"0":{"name":"listaMensajesActivos","decl":{"start":{"line":4,"column":15},"end":{"line":4,"column":35}},"loc":{"start":{"line":4,"column":43},"end":{"line":62,"column":1}},"line":4}},"branchMap":{"0":{"loc":{"start":{"line":9,"column":4},"end":{"line":20,"column":5}},"type":"if","locations":[{"start":{"line":9,"column":4},"end":{"line":20,"column":5}},{"start":{"line":9,"column":4},"end":{"line":20,"column":5}}],"line":9}},"s":{"0":1,"1":1,"2":1,"3":1,"4":1,"5":1,"6":1,"7":0,"8":0,"9":0,"10":0,"11":1,"12":1},"f":{"0":1},"b":{"0":[1,0]},"_coverageSchema":"43e27e138ebf9cfc5966b082cf9a028302ed4184","hash":"3666695bdf053ced1102842e9ca748b13bd57f1f"}
,"D:\\GAV\\PROYECTOS\\desafio\\src\\utils\\mysql.js": {"path":"D:\\GAV\\PROYECTOS\\desafio\\src\\utils\\mysql.js","statementMap":{"0":{"start":{"line":1,"column":15},"end":{"line":1,"column":32}},"1":{"start":{"line":2,"column":0},"end":{"line":2,"column":16}},"2":{"start":{"line":3,"column":14},"end":{"line":10,"column":2}},"3":{"start":{"line":14,"column":2},"end":{"line":22,"column":5}},"4":{"start":{"line":15,"column":4},"end":{"line":21,"column":7}},"5":{"start":{"line":16,"column":6},"end":{"line":20,"column":7}},"6":{"start":{"line":17,"column":8},"end":{"line":17,"column":22}},"7":{"start":{"line":19,"column":8},"end":{"line":19,"column":25}},"8":{"start":{"line":27,"column":2},"end":{"line":27,"column":20}},"9":{"start":{"line":30,"column":0},"end":{"line":30,"column":32}}},"fnMap":{"0":{"name":"query","decl":{"start":{"line":13,"column":15},"end":{"line":13,"column":20}},"loc":{"start":{"line":13,"column":34},"end":{"line":23,"column":1}},"line":13},"1":{"name":"(anonymous_1)","decl":{"start":{"line":14,"column":21},"end":{"line":14,"column":22}},"loc":{"start":{"line":14,"column":42},"end":{"line":22,"column":3}},"line":14},"2":{"name":"(anonymous_2)","decl":{"start":{"line":15,"column":29},"end":{"line":15,"column":30}},"loc":{"start":{"line":15,"column":49},"end":{"line":21,"column":5}},"line":15},"3":{"name":"end","decl":{"start":{"line":26,"column":15},"end":{"line":26,"column":18}},"loc":{"start":{"line":26,"column":21},"end":{"line":28,"column":1}},"line":26}},"branchMap":{"0":{"loc":{"start":{"line":16,"column":6},"end":{"line":20,"column":7}},"type":"if","locations":[{"start":{"line":16,"column":6},"end":{"line":20,"column":7}},{"start":{"line":16,"column":6},"end":{"line":20,"column":7}}],"line":16}},"s":{"0":2,"1":2,"2":2,"3":0,"4":0,"5":0,"6":0,"7":0,"8":0,"9":2},"f":{"0":0,"1":0,"2":0,"3":0},"b":{"0":[0,0]},"_coverageSchema":"43e27e138ebf9cfc5966b082cf9a028302ed4184","hash":"3f5f84a534a48f3c05327214d98ea9cf035e30fd"}
}
