TN:
SF:D:\GAV\PROYECTOS\desafio\src\handlers\campaniasHandler.js
FN:4,programarCampania
FNF:1
FNH:1
FNDA:1,programarCampania
DA:1,1
DA:2,1
DA:5,1
DA:7,1
DA:9,1
DA:11,1
DA:16,1
DA:28,0
DA:29,0
DA:40,1
DA:44,1
LF:11
LH:9
BRF:0
BRH:0
end_of_record
TN:
SF:D:\GAV\PROYECTOS\desafio\src\handlers\mensajesHandler.js
FN:4,listaMensajesActivos
FNF:1
FNH:1
FNDA:1,listaMensajesActivos
DA:1,1
DA:2,1
DA:5,1
DA:6,1
DA:7,1
DA:9,1
DA:10,1
DA:22,0
DA:35,0
DA:47,0
DA:48,0
DA:60,1
DA:64,1
LF:13
LH:9
BRDA:9,0,0,1
BRDA:9,0,1,0
BRF:2
BRH:1
end_of_record
TN:
SF:D:\GAV\PROYECTOS\desafio\src\utils\mysql.js
FN:13,query
FN:14,(anonymous_1)
FN:15,(anonymous_2)
FN:26,end
FNF:4
FNH:0
FNDA:0,query
FNDA:0,(anonymous_1)
FNDA:0,(anonymous_2)
FNDA:0,end
DA:1,2
DA:2,2
DA:3,2
DA:14,0
DA:15,0
DA:16,0
DA:17,0
DA:19,0
DA:27,0
DA:30,2
LF:10
LH:4
BRDA:16,0,0,0
BRDA:16,0,1,0
BRF:2
BRH:0
end_of_record
